1	MyApp constructor starts
2	C:\Program Files (x86)\Steam\SteamApps\common\Awesomenauts\Data\BehaviourCreator
3	Command Line:  0
4	MyApp constructor ends
5	NetworkManager constructor starts
6	NetworkManager constructor ends
7	BehaviourBlockExecute::open uses fullFileName: "../BehavioursCustom/Mod_AwesomeAIMain_Toolkit_Constants.xml" CurrentFile is: "C:\Program Files (x86)\Steam\SteamApps\common\Awesomenauts\Data\BehavioursCustom\Mod_AwesomeAIMain_Toolkit_Constants_Event.xml"
8	BehaviourBlockExecute::open uses fullFileName: "../BehavioursCustom/Mod_AwesomeAIMain_Toolkit_Constants_Event.xml" CurrentFile is: "C:\Program Files (x86)\Steam\SteamApps\common\Awesomenauts\Data\BehavioursCustom\Mod_AwesomeAIMain_Toolkit_Constants_Event.xml"
9	BehaviourBlockExecute::open uses fullFileName: "../BehavioursCustom/Mod_AwesomeAIMain_Toolkit_Ticker.xml" CurrentFile is: "C:\Program Files (x86)\Steam\SteamApps\common\Awesomenauts\Data\BehavioursCustom\Mod_AwesomeAIMain_Toolkit_Constants_Event.xml"
10	BehaviourBlockExecute::open uses fullFileName: "../BehavioursCustom/Mod_AwesomeAIMain_Toolkit_Ticker_Event.xml" CurrentFile is: "C:\Program Files (x86)\Steam\SteamApps\common\Awesomenauts\Data\BehavioursCustom\Mod_AwesomeAIMain_Toolkit_Constants_Event.xml"
11	BehaviourBlockExecute::open uses fullFileName: "../BehavioursCustom/Mod_AwesomeAIMain_Toolkit_MapInfo.xml" CurrentFile is: "C:\Program Files (x86)\Steam\SteamApps\common\Awesomenauts\Data\BehavioursCustom\Mod_AwesomeAIMain_Toolkit_Constants_Event.xml"
12	BehaviourBlockExecute::open uses fullFileName: "../BehavioursCustom/Mod_AwesomeAIMain_Toolkit_MapInfo_Event.xml" CurrentFile is: "C:\Program Files (x86)\Steam\SteamApps\common\Awesomenauts\Data\BehavioursCustom\Mod_AwesomeAIMain_Toolkit_Constants_Event.xml"
13	BehaviourBlockExecute::open uses fullFileName: "../BehavioursCustom/Mod_AwesomeAIMain_Toolkit_Detection.xml" CurrentFile is: "C:\Program Files (x86)\Steam\SteamApps\common\Awesomenauts\Data\BehavioursCustom\Mod_AwesomeAIMain_Toolkit_Constants_Event.xml"
14	BehaviourBlockExecute::open uses fullFileName: "../BehavioursCustom/Mod_AwesomeAIMain_Toolkit_Detection_Event.xml" CurrentFile is: "C:\Program Files (x86)\Steam\SteamApps\common\Awesomenauts\Data\BehavioursCustom\Mod_AwesomeAIMain_Toolkit_Constants_Event.xml"
15	BehaviourBlockExecute::open uses fullFileName: "../BehavioursCustom/Mod_AwesomeAIMain_Toolkit_Companion.xml" CurrentFile is: "C:\Program Files (x86)\Steam\SteamApps\common\Awesomenauts\Data\BehavioursCustom\Mod_AwesomeAIMain_Toolkit_Constants_Event.xml"
16	BehaviourBlockExecute::open uses fullFileName: "../BehavioursCustom/Mod_AwesomeAIMain_Toolkit_Companion_Trigger.xml" CurrentFile is: "C:\Program Files (x86)\Steam\SteamApps\common\Awesomenauts\Data\BehavioursCustom\Mod_AwesomeAIMain_Toolkit_Constants_Event.xml"
17	BehaviourBlockExecute::open uses fullFileName: "../BehavioursCustom/Mod_AwesomeAIMain_Toolkit_Companion_Trigger_Clingy.xml" CurrentFile is: "C:\Program Files (x86)\Steam\SteamApps\common\Awesomenauts\Data\BehavioursCustom\Mod_AwesomeAIMain_Toolkit_Constants_Event.xml"
18	BehaviourBlockExecute::open uses fullFileName: "../BehavioursCustom/Mod_AwesomeAIMain_Toolkit_Pathfinding.xml" CurrentFile is: "C:\Program Files (x86)\Steam\SteamApps\common\Awesomenauts\Data\BehavioursCustom\Mod_AwesomeAIMain_Toolkit_Constants_Event.xml"
19	BehaviourBlockExecute::open uses fullFileName: "../BehavioursCustom/Mod_AwesomeAIMain_Toolkit_Pathfinding_Event.xml" CurrentFile is: "C:\Program Files (x86)\Steam\SteamApps\common\Awesomenauts\Data\BehavioursCustom\Mod_AwesomeAIMain_Toolkit_Constants_Event.xml"
20	BehaviourBlockExecute::open uses fullFileName: "../BehavioursCustom/Mod_AwesomeAIMain_Toolkit_Pathfinding_Trigger.xml" CurrentFile is: "C:\Program Files (x86)\Steam\SteamApps\common\Awesomenauts\Data\BehavioursCustom\Mod_AwesomeAIMain_Toolkit_Constants_Event.xml"
21	BehaviourBlockExecute::open uses fullFileName: "../BehavioursCustom/Mod_AwesomeAIMain_Toolkit_Pathfinding_Trigger_MoveTowardNextNode.xml" CurrentFile is: "C:\Program Files (x86)\Steam\SteamApps\common\Awesomenauts\Data\BehavioursCustom\Mod_AwesomeAIMain_Toolkit_Constants_Event.xml"
22	BehaviourBlockExecute::open uses fullFileName: "../BehavioursCustom/Mod_AwesomeAIMain_Toolkit_Movement.xml" CurrentFile is: "C:\Program Files (x86)\Steam\SteamApps\common\Awesomenauts\Data\BehavioursCustom\Mod_AwesomeAIMain_Toolkit_Constants_Event.xml"
23	BehaviourBlockExecute::open uses fullFileName: "../BehavioursCustom/Mod_AwesomeAIMain_Toolkit_Movement_Event.xml" CurrentFile is: "C:\Program Files (x86)\Steam\SteamApps\common\Awesomenauts\Data\BehavioursCustom\Mod_AwesomeAIMain_Toolkit_Constants_Event.xml"
24	BehaviourBlockExecute::open uses fullFileName: "../BehavioursCustom/Mod_AwesomeAIMain_Toolkit_Movement_Trigger.xml" CurrentFile is: "C:\Program Files (x86)\Steam\SteamApps\common\Awesomenauts\Data\BehavioursCustom\Mod_AwesomeAIMain_Toolkit_Constants_Event.xml"
25	BehaviourBlockExecute::open uses fullFileName: "../BehavioursCustom/Mod_AwesomeAIMain_Toolkit_Movement_Trigger_FootsyTargetFar.xml" CurrentFile is: "C:\Program Files (x86)\Steam\SteamApps\common\Awesomenauts\Data\BehavioursCustom\Mod_AwesomeAIMain_Toolkit_Constants_Event.xml"
26	BehaviourBlockExecute::open uses fullFileName: "../BehavioursCustom/Mod_AwesomeAIMain_Toolkit_Movement_Trigger_FootsyTargetMedium.xml" CurrentFile is: "C:\Program Files (x86)\Steam\SteamApps\common\Awesomenauts\Data\BehavioursCustom\Mod_AwesomeAIMain_Toolkit_Constants_Event.xml"
27	BehaviourBlockExecute::open uses fullFileName: "../BehavioursCustom/Mod_AwesomeAIMain_Toolkit_Movement_Trigger_FootsyTargetClose.xml" CurrentFile is: "C:\Program Files (x86)\Steam\SteamApps\common\Awesomenauts\Data\BehavioursCustom\Mod_AwesomeAIMain_Toolkit_Constants_Event.xml"
28	BehaviourBlockExecute::open uses fullFileName: "../BehavioursCustom/Mod_AwesomeAIMain_Toolkit_Movement_Trigger_MoveTowardTarget.xml" CurrentFile is: "C:\Program Files (x86)\Steam\SteamApps\common\Awesomenauts\Data\BehavioursCustom\Mod_AwesomeAIMain_Toolkit_Constants_Event.xml"
29	BehaviourBlockExecute::open uses fullFileName: "../BehavioursCustom/Mod_AwesomeAIMain_Toolkit_Movement_Trigger_MoveAwayFromTarget.xml" CurrentFile is: "C:\Program Files (x86)\Steam\SteamApps\common\Awesomenauts\Data\BehavioursCustom\Mod_AwesomeAIMain_Toolkit_Constants_Event.xml"
30	BehaviourBlockExecute::open uses fullFileName: "../BehavioursCustom/Mod_AwesomeAIMain_Toolkit_Movement_Trigger_MoveForward.xml" CurrentFile is: "C:\Program Files (x86)\Steam\SteamApps\common\Awesomenauts\Data\BehavioursCustom\Mod_AwesomeAIMain_Toolkit_Constants_Event.xml"
31	BehaviourBlockExecute::open uses fullFileName: "../BehavioursCustom/Mod_AwesomeAIMain_Toolkit_Movement_Trigger_MoveBackward.xml" CurrentFile is: "C:\Program Files (x86)\Steam\SteamApps\common\Awesomenauts\Data\BehavioursCustom\Mod_AwesomeAIMain_Toolkit_Constants_Event.xml"
32	BehaviourBlockExecute::open uses fullFileName: "../BehavioursCustom/Mod_AwesomeAIMain_Toolkit_Movement_Trigger_Teleport.xml" CurrentFile is: "C:\Program Files (x86)\Steam\SteamApps\common\Awesomenauts\Data\BehavioursCustom\Mod_AwesomeAIMain_Toolkit_Constants_Event.xml"
33	BehaviourBlockExecute::open uses fullFileName: "../BehavioursCustom/Mod_AwesomeAIMain_Toolkit_Movement_Trigger_MoveDown.xml" CurrentFile is: "C:\Program Files (x86)\Steam\SteamApps\common\Awesomenauts\Data\BehavioursCustom\Mod_AwesomeAIMain_Toolkit_Constants_Event.xml"
34	BehaviourBlockExecute::open uses fullFileName: "../BehavioursCustom/Mod_AwesomeAIMain_Toolkit_Movement_Trigger_MoveUp.xml" CurrentFile is: "C:\Program Files (x86)\Steam\SteamApps\common\Awesomenauts\Data\BehavioursCustom\Mod_AwesomeAIMain_Toolkit_Constants_Event.xml"
35	BehaviourBlockExecute::open uses fullFileName: "../BehavioursCustom/Mod_AwesomeAIMain_Toolkit_Movement_Trigger_MoveLeft.xml" CurrentFile is: "C:\Program Files (x86)\Steam\SteamApps\common\Awesomenauts\Data\BehavioursCustom\Mod_AwesomeAIMain_Toolkit_Constants_Event.xml"
36	BehaviourBlockExecute::open uses fullFileName: "../BehavioursCustom/Mod_AwesomeAIMain_Toolkit_Movement_Trigger_MoveRight.xml" CurrentFile is: "C:\Program Files (x86)\Steam\SteamApps\common\Awesomenauts\Data\BehavioursCustom\Mod_AwesomeAIMain_Toolkit_Constants_Event.xml"
37	BehaviourBlockExecute::open uses fullFileName: "../BehavioursCustom/Mod_AwesomeAIMain_Toolkit_Attack.xml" CurrentFile is: "C:\Program Files (x86)\Steam\SteamApps\common\Awesomenauts\Data\BehavioursCustom\Mod_AwesomeAIMain_Toolkit_Constants_Event.xml"
38	BehaviourBlockExecute::open uses fullFileName: "../BehavioursCustom/Mod_AwesomeAIMain_Toolkit_Attack_Trigger.xml" CurrentFile is: "C:\Program Files (x86)\Steam\SteamApps\common\Awesomenauts\Data\BehavioursCustom\Mod_AwesomeAIMain_Toolkit_Constants_Event.xml"
39	BehaviourBlockExecute::open uses fullFileName: "../BehavioursCustom/Mod_AwesomeAIMain_Toolkit_Attack_Trigger_AutoAttack.xml" CurrentFile is: "C:\Program Files (x86)\Steam\SteamApps\common\Awesomenauts\Data\BehavioursCustom\Mod_AwesomeAIMain_Toolkit_Constants_Event.xml"
40	BehaviourBlockExecute::open uses fullFileName: "../BehavioursCustom/Mod_AwesomeAIMain_Toolkit_Attack_Trigger_Primary.xml" CurrentFile is: "C:\Program Files (x86)\Steam\SteamApps\common\Awesomenauts\Data\BehavioursCustom\Mod_AwesomeAIMain_Toolkit_Constants_Event.xml"
41	BehaviourBlockExecute::open uses fullFileName: "../BehavioursCustom/Mod_AwesomeAIMain_Toolkit_Attack_Trigger_Secondary.xml" CurrentFile is: "C:\Program Files (x86)\Steam\SteamApps\common\Awesomenauts\Data\BehavioursCustom\Mod_AwesomeAIMain_Toolkit_Constants_Event.xml"
